<?xml version="1.0" encoding="UTF-8"?>
<!-- Generated by org.testng.reporters.JUnitReportReporter -->
<testsuite skipped="0" hostname="KNOLSKAPE-L102" name="testCases.TS1_CreatingCourseModule" tests="11" failures="0" timestamp="09 Aug 2017 12:43:54 GMT" time="106.585" errors="0">
  <testcase name="testStep1_navigateToAktivLearn" time="7.142" classname="testCases.TS1_CreatingCourseModule"/>
  <testcase name="testStep2_clickOnStartPlaying" time="0.116" classname="testCases.TS1_CreatingCourseModule"/>
  <testcase name="testStep3_loginToAktivLearn" time="2.762" classname="testCases.TS1_CreatingCourseModule"/>
  <testcase name="testStep4_clickOnAccount" time="8.347" classname="testCases.TS1_CreatingCourseModule"/>
  <testcase name="testStep5_clickOnCourses" time="3.653" classname="testCases.TS1_CreatingCourseModule"/>
  <testcase name="testStep6_AddNewCourse" time="10.374" classname="testCases.TS1_CreatingCourseModule"/>
  <testcase name="testStep7_CreateNewModule" time="4.944" classname="testCases.TS1_CreatingCourseModule"/>
  <testcase name="testStep8_CreateAssignmentForModule1" time="17.500" classname="testCases.TS1_CreatingCourseModule"/>
  <testcase name="testStep9_CreateQuizForModule1" time="29.051" classname="testCases.TS1_CreatingCourseModule"/>
  <testcase name="testStep10_CreateQuizForModule2" time="16.000" classname="testCases.TS1_CreatingCourseModule"/>
  <testcase name="testStep11_CreatePageForModule2" time="6.696" classname="testCases.TS1_CreatingCourseModule"/>
</testsuite> <!-- testCases.TS1_CreatingCourseModule -->
