<?xml version="1.0" encoding="UTF-8"?>
<!-- Generated by org.testng.reporters.JUnitReportReporter -->
<testsuite skipped="0" hostname="KNOLSKAPE-L102" name="testCases.TS2_UserGroupCreation" tests="11" failures="0" timestamp="09 Aug 2017 12:43:54 GMT" time="45.635" errors="0">
  <testcase name="testStep1_navigateToAktivLearn" time="11.723" classname="testCases.TS2_UserGroupCreation"/>
  <testcase name="testStep2_clickOnStartPlaying" time="0.130" classname="testCases.TS2_UserGroupCreation"/>
  <testcase name="testStep3_loginToAktivLearn" time="4.833" classname="testCases.TS2_UserGroupCreation"/>
  <testcase name="testStep4_clickOnAccount" time="6.377" classname="testCases.TS2_UserGroupCreation"/>
  <testcase name="testStep5_ClickOnManagerUserGroups" time="7.332" classname="testCases.TS2_UserGroupCreation"/>
  <testcase name="testStep6_clickOnCreateUserGroup" time="2.194" classname="testCases.TS2_UserGroupCreation"/>
  <testcase name="testStep7_enterUserGroupDetails" time="2.334" classname="testCases.TS2_UserGroupCreation"/>
  <testcase name="testStep8_uploadUsers" time="6.190" classname="testCases.TS2_UserGroupCreation"/>
  <testcase name="testStep9_chooseCoursesForUserGroup" time="3.293" classname="testCases.TS2_UserGroupCreation"/>
  <testcase name="testStep10_scheduleCourse" time="1.088" classname="testCases.TS2_UserGroupCreation"/>
  <testcase name="testStep11_assignCourseFees" time="0.141" classname="testCases.TS2_UserGroupCreation"/>
</testsuite> <!-- testCases.TS2_UserGroupCreation -->
